\BOOKMARK [1][-]{section.1}{课题硬件环境描述}{}% 1
\BOOKMARK [1][-]{section.2}{题目分析}{}% 2
\BOOKMARK [2][-]{subsection.2.1}{实验目标}{section.2}% 3
\BOOKMARK [2][-]{subsection.2.2}{设计思路}{section.2}% 4
\BOOKMARK [1][-]{section.3}{团队分工}{}% 5
\BOOKMARK [1][-]{section.4}{设计详解}{}% 6
\BOOKMARK [2][-]{subsection.4.1}{硬连线控制器}{section.4}% 7
\BOOKMARK [3][-]{subsubsection.4.1.1}{硬连线控制器控制台指令流程图}{subsection.4.1}% 8
\BOOKMARK [3][-]{subsubsection.4.1.2}{翻译成硬连线信号}{subsection.4.1}% 9
\BOOKMARK [3][-]{subsubsection.4.1.3}{翻译成多分支程序}{subsection.4.1}% 10
\BOOKMARK [2][-]{subsection.4.2}{流水硬连线控制器}{section.4}% 11
\BOOKMARK [3][-]{subsubsection.4.2.1}{指令周期说明}{subsection.4.2}% 12
\BOOKMARK [3][-]{subsubsection.4.2.2}{翻译成硬连线信号}{subsection.4.2}% 13
\BOOKMARK [3][-]{subsubsection.4.2.3}{翻译成多分支程序}{subsection.4.2}% 14
\BOOKMARK [2][-]{subsection.4.3}{流水CPU的实现关键}{section.4}% 15
\BOOKMARK [2][-]{subsection.4.4}{新增的栈指令}{section.4}% 16
\BOOKMARK [2][-]{subsection.4.5}{流水机指令格式}{section.4}% 17
\BOOKMARK [1][-]{section.5}{指令格式}{}% 18
\BOOKMARK [1][-]{section.6}{上机调试通用流程}{}% 19
\BOOKMARK [2][-]{subsection.6.1}{写寄存器\(100\)}{section.6}% 20
\BOOKMARK [2][-]{subsection.6.2}{读寄存器\(011\)}{section.6}% 21
\BOOKMARK [2][-]{subsection.6.3}{运行代码\(000\)}{section.6}% 22
\BOOKMARK [2][-]{subsection.6.4}{进一步执行其他代码}{section.6}% 23
\BOOKMARK [1][-]{section.7}{调试过程中的问题及讨论}{}% 24
\BOOKMARK [2][-]{subsection.7.1}{代码无法导入箱子或者代码导入箱子以后测试程序仍然发生以前的问题}{section.7}% 25
\BOOKMARK [2][-]{subsection.7.2}{程序运行失败}{section.7}% 26
\BOOKMARK [2][-]{subsection.7.3}{隐含敏感指令问题}{section.7}% 27
\BOOKMARK [1][-]{section.8}{设计调试小结}{}% 28
\BOOKMARK [2][-]{subsection.8.1}{向阳曦的总结}{section.8}% 29
\BOOKMARK [2][-]{subsection.8.2}{张逸群的总结}{section.8}% 30
