Fitter report for CPU
Thu Mar 28 22:00:17 2019
Quartus II Version 9.0 Build 235 06/17/2009 Service Pack 2 SJ Web Edition


---------------------
; Table of Contents ;
---------------------
  1. Legal Notice
  2. Fitter Summary
  3. Fitter Settings
  4. Parallel Compilation
  5. Pin-Out File
  6. Fitter Resource Usage Summary
  7. Input Pins
  8. Output Pins
  9. All Package Pins
 10. I/O Standard
 11. Dedicated Inputs I/O
 12. Output Pin Default Load For Reported TCO
 13. Fitter Resource Utilization by Entity
 14. Control Signals
 15. Global & Other Fast Signals
 16. Non-Global High Fan-Out Signals
 17. Interconnect Usage Summary
 18. LAB External Interconnect
 19. LAB Macrocells
 20. Parallel Expander
 21. Logic Cell Interconnection
 22. Fitter Device Options
 23. Fitter Messages



----------------
; Legal Notice ;
----------------
Copyright (C) 1991-2009 Altera Corporation
Your use of Altera Corporation's design tools, logic functions 
and other software and tools, and its AMPP partner logic 
functions, and any output files from any of the foregoing 
(including device programming or simulation files), and any 
associated documentation or information are expressly subject 
to the terms and conditions of the Altera Program License 
Subscription Agreement, Altera MegaCore Function License 
Agreement, or other applicable license agreement, including, 
without limitation, that your use is for the sole purpose of 
programming logic devices manufactured by Altera and sold by 
Altera or its authorized distributors.  Please refer to the 
applicable agreement for further details.



+----------------------------------------------------------------------+
; Fitter Summary                                                       ;
+-----------------------+----------------------------------------------+
; Fitter Status         ; Successful - Thu Mar 28 22:00:17 2019        ;
; Quartus II Version    ; 9.0 Build 235 06/17/2009 SP 2 SJ Web Edition ;
; Revision Name         ; CPU                                          ;
; Top-level Entity Name ; CPU                                          ;
; Family                ; MAX7000S                                     ;
; Device                ; EPM7128SLC84-6                               ;
; Timing Models         ; Final                                        ;
; Total macrocells      ; 37 / 128 ( 29 % )                            ;
; Total pins            ; 49 / 68 ( 72 % )                             ;
+-----------------------+----------------------------------------------+


+-------------------------------------------------------------------------------------+
; Fitter Settings                                                                     ;
+----------------------------------------------------+----------------+---------------+
; Option                                             ; Setting        ; Default Value ;
+----------------------------------------------------+----------------+---------------+
; Device                                             ; EPM7128SLC84-6 ;               ;
; Use smart compilation                              ; Off            ; Off           ;
; Use TimeQuest Timing Analyzer                      ; Off            ; Off           ;
; Optimize Timing for ECOs                           ; Off            ; Off           ;
; Regenerate full fit report during ECO compiles     ; Off            ; Off           ;
; Optimize IOC Register Placement for Timing         ; On             ; On            ;
; Limit to One Fitting Attempt                       ; Off            ; Off           ;
; Fitter Initial Placement Seed                      ; 1              ; 1             ;
; Slow Slew Rate                                     ; Off            ; Off           ;
; Fitter Effort                                      ; Auto Fit       ; Auto Fit      ;
; Force Fitter to Avoid Periphery Placement Warnings ; Off            ; Off           ;
+----------------------------------------------------+----------------+---------------+


Parallel compilation was disabled, but you have multiple processors available. Enable parallel compilation to reduce compilation time.
+-------------------------------------+
; Parallel Compilation                ;
+----------------------------+--------+
; Processors                 ; Number ;
+----------------------------+--------+
; Number detected on machine ; 4      ;
; Maximum allowed            ; 1      ;
+----------------------------+--------+


+--------------+
; Pin-Out File ;
+--------------+
The pin-out file can be found in D:/codes/VHDL-CPU/VHDL-CPU/CPU.pin.


+-------------------------------------------------------+
; Fitter Resource Usage Summary                         ;
+-----------------------------------+-------------------+
; Resource                          ; Usage             ;
+-----------------------------------+-------------------+
; Logic cells                       ; 37 / 128 ( 29 % ) ;
; Registers                         ; 1 / 128 ( < 1 % ) ;
; Number of pterms used             ; 106               ;
; User inserted logic elements      ; 0                 ;
; I/O pins                          ; 49 / 68 ( 72 % )  ;
;     -- Clock pins                 ; 1 / 2 ( 50 % )    ;
;     -- Dedicated input pins       ; 1 / 2 ( 50 % )    ;
; Global signals                    ; 2                 ;
; Shareable expanders               ; 0 / 128 ( 0 % )   ;
; Parallel expanders                ; 6 / 120 ( 5 % )   ;
; Cells using turbo bit             ; 37 / 128 ( 29 % ) ;
; Maximum fan-out node              ; SWCBA[1]          ;
; Maximum fan-out                   ; 33                ;
; Highest non-global fan-out signal ; SWCBA[1]          ;
; Highest non-global fan-out        ; 33                ;
; Total fan-out                     ; 299               ;
; Average fan-out                   ; 3.48              ;
+-----------------------------------+-------------------+


+------------------------------------------------------------------------------------------------------------------------------------------------+
; Input Pins                                                                                                                                     ;
+----------+-------+----------+-----+-----------------------+--------------------+--------+----------------+--------------+----------------------+
; Name     ; Pin # ; I/O Bank ; LAB ; Combinational Fan-Out ; Registered Fan-Out ; Global ; Input Register ; I/O Standard ; Location assigned by ;
+----------+-------+----------+-----+-----------------------+--------------------+--------+----------------+--------------+----------------------+
; C        ; 68    ; --       ; 7   ; 4                     ; 0                  ; no     ; no             ; TTL          ; Fitter               ;
; CLR      ; 1     ; --       ; --  ; 1                     ; 0                  ; yes    ; no             ; TTL          ; Fitter               ;
; IRH[0]   ; 69    ; --       ; 7   ; 22                    ; 0                  ; no     ; no             ; TTL          ; Fitter               ;
; IRH[1]   ; 60    ; --       ; 6   ; 22                    ; 0                  ; no     ; no             ; TTL          ; Fitter               ;
; IRH[2]   ; 70    ; --       ; 7   ; 21                    ; 0                  ; no     ; no             ; TTL          ; Fitter               ;
; IRH[3]   ; 51    ; --       ; 5   ; 22                    ; 0                  ; no     ; no             ; TTL          ; Fitter               ;
; QD       ; 50    ; --       ; 5   ; 1                     ; 0                  ; no     ; no             ; TTL          ; Fitter               ;
; SWCBA[0] ; 81    ; --       ; 8   ; 32                    ; 0                  ; no     ; no             ; TTL          ; Fitter               ;
; SWCBA[1] ; 61    ; --       ; 6   ; 33                    ; 0                  ; no     ; no             ; TTL          ; Fitter               ;
; SWCBA[2] ; 80    ; --       ; 8   ; 33                    ; 0                  ; no     ; no             ; TTL          ; Fitter               ;
; T3       ; 83    ; --       ; --  ; 1                     ; 0                  ; yes    ; no             ; TTL          ; Fitter               ;
; W1       ; 79    ; --       ; 8   ; 27                    ; 0                  ; no     ; no             ; TTL          ; Fitter               ;
; W2       ; 52    ; --       ; 5   ; 13                    ; 0                  ; no     ; no             ; TTL          ; Fitter               ;
; W3       ; 77    ; --       ; 8   ; 0                     ; 0                  ; no     ; no             ; TTL          ; Fitter               ;
; Z        ; 49    ; --       ; 5   ; 4                     ; 0                  ; no     ; no             ; TTL          ; Fitter               ;
+----------+-------+----------+-----+-----------------------+--------------------+--------+----------------+--------------+----------------------+


+-----------------------------------------------------------------------------------------------------------------------------------------------+
; Output Pins                                                                                                                                   ;
+--------+-------+----------+-----+-----------------+----------------+------------+---------------+--------------+----------------------+-------+
; Name   ; Pin # ; I/O Bank ; LAB ; Output Register ; Slow Slew Rate ; Open Drain ; TRI Primitive ; I/O Standard ; Location assigned by ; Load  ;
+--------+-------+----------+-----+-----------------+----------------+------------+---------------+--------------+----------------------+-------+
; ABUS   ; 20    ; --       ; 2   ; no              ; no             ; no         ; no            ; TTL          ; Fitter               ; 10 pF ;
; ARINC  ; 31    ; --       ; 3   ; no              ; no             ; no         ; no            ; TTL          ; Fitter               ; 10 pF ;
; CIN    ; 22    ; --       ; 2   ; no              ; no             ; no         ; no            ; TTL          ; Fitter               ; 10 pF ;
; CP1    ; 34    ; --       ; 4   ; no              ; no             ; no         ; no            ; TTL          ; Fitter               ; 10 pF ;
; CP2    ; 33    ; --       ; 4   ; no              ; no             ; no         ; no            ; TTL          ; Fitter               ; 10 pF ;
; CP3    ; 36    ; --       ; 4   ; no              ; no             ; no         ; no            ; TTL          ; Fitter               ; 10 pF ;
; DRW    ; 21    ; --       ; 2   ; no              ; no             ; no         ; no            ; TTL          ; Fitter               ; 10 pF ;
; LAR    ; 16    ; --       ; 2   ; no              ; no             ; no         ; no            ; TTL          ; Fitter               ; 10 pF ;
; LDC    ; 28    ; --       ; 3   ; no              ; no             ; no         ; no            ; TTL          ; Fitter               ; 10 pF ;
; LDZ    ; 27    ; --       ; 3   ; no              ; no             ; no         ; no            ; TTL          ; Fitter               ; 10 pF ;
; LIR    ; 11    ; --       ; 1   ; no              ; no             ; no         ; no            ; TTL          ; Fitter               ; 10 pF ;
; LONG   ; 35    ; --       ; 4   ; no              ; no             ; no         ; no            ; TTL          ; Fitter               ; 10 pF ;
; LPC    ; 6     ; --       ; 1   ; no              ; no             ; no         ; no            ; TTL          ; Fitter               ; 10 pF ;
; M      ; 18    ; --       ; 2   ; no              ; no             ; no         ; no            ; TTL          ; Fitter               ; 10 pF ;
; MBUS   ; 10    ; --       ; 1   ; no              ; no             ; no         ; no            ; TTL          ; Fitter               ; 10 pF ;
; MEMW   ; 8     ; --       ; 1   ; no              ; no             ; no         ; no            ; TTL          ; Fitter               ; 10 pF ;
; PCADD  ; 5     ; --       ; 1   ; no              ; no             ; no         ; no            ; TTL          ; Fitter               ; 10 pF ;
; PCINC  ; 12    ; --       ; 1   ; no              ; no             ; no         ; no            ; TTL          ; Fitter               ; 10 pF ;
; SBUS   ; 24    ; --       ; 3   ; no              ; no             ; no         ; no            ; TTL          ; Fitter               ; 10 pF ;
; SEL0   ; 39    ; --       ; 4   ; no              ; no             ; no         ; no            ; TTL          ; Fitter               ; 10 pF ;
; SEL1   ; 25    ; --       ; 3   ; no              ; no             ; no         ; no            ; TTL          ; Fitter               ; 10 pF ;
; SEL2   ; 40    ; --       ; 4   ; no              ; no             ; no         ; no            ; TTL          ; Fitter               ; 10 pF ;
; SEL3   ; 15    ; --       ; 2   ; no              ; no             ; no         ; no            ; TTL          ; Fitter               ; 10 pF ;
; SELCTL ; 37    ; --       ; 4   ; no              ; no             ; no         ; no            ; TTL          ; Fitter               ; 10 pF ;
; SHORT  ; 9     ; --       ; 1   ; no              ; no             ; no         ; no            ; TTL          ; Fitter               ; 10 pF ;
; STOP   ; 41    ; --       ; 4   ; no              ; no             ; no         ; no            ; TTL          ; Fitter               ; 10 pF ;
; S[0]   ; 4     ; --       ; 1   ; no              ; no             ; no         ; no            ; TTL          ; Fitter               ; 10 pF ;
; S[1]   ; 30    ; --       ; 3   ; no              ; no             ; no         ; no            ; TTL          ; Fitter               ; 10 pF ;
; S[2]   ; 17    ; --       ; 2   ; no              ; no             ; no         ; no            ; TTL          ; Fitter               ; 10 pF ;
; S[3]   ; 29    ; --       ; 3   ; no              ; no             ; no         ; no            ; TTL          ; Fitter               ; 10 pF ;
+--------+-------+----------+-----+-----------------+----------------+------------+---------------+--------------+----------------------+-------+


+-------------------------------------------------------------------------------------------------------+
; All Package Pins                                                                                      ;
+----------+------------+----------+----------------+--------+--------------+---------+-----------------+
; Location ; Pad Number ; I/O Bank ; Pin Name/Usage ; Dir.   ; I/O Standard ; Voltage ; User Assignment ;
+----------+------------+----------+----------------+--------+--------------+---------+-----------------+
; 1        ; 0          ; --       ; CLR            ; input  ; TTL          ;         ; N               ;
; 2        ; 1          ; --       ; GND+           ;        ;              ;         ;                 ;
; 3        ; 2          ; --       ; VCCINT         ; power  ;              ; 5.0V    ;                 ;
; 4        ; 3          ; --       ; S[0]           ; output ; TTL          ;         ; N               ;
; 5        ; 4          ; --       ; PCADD          ; output ; TTL          ;         ; N               ;
; 6        ; 5          ; --       ; LPC            ; output ; TTL          ;         ; N               ;
; 7        ; 6          ; --       ; GND            ; gnd    ;              ;         ;                 ;
; 8        ; 7          ; --       ; MEMW           ; output ; TTL          ;         ; N               ;
; 9        ; 8          ; --       ; SHORT          ; output ; TTL          ;         ; N               ;
; 10       ; 9          ; --       ; MBUS           ; output ; TTL          ;         ; N               ;
; 11       ; 10         ; --       ; LIR            ; output ; TTL          ;         ; N               ;
; 12       ; 11         ; --       ; PCINC          ; output ; TTL          ;         ; N               ;
; 13       ; 12         ; --       ; VCCIO          ; power  ;              ; 5.0V    ;                 ;
; 14       ; 13         ; --       ; TDI            ; input  ; TTL          ;         ; N               ;
; 15       ; 14         ; --       ; SEL3           ; output ; TTL          ;         ; N               ;
; 16       ; 15         ; --       ; LAR            ; output ; TTL          ;         ; N               ;
; 17       ; 16         ; --       ; S[2]           ; output ; TTL          ;         ; N               ;
; 18       ; 17         ; --       ; M              ; output ; TTL          ;         ; N               ;
; 19       ; 18         ; --       ; GND            ; gnd    ;              ;         ;                 ;
; 20       ; 19         ; --       ; ABUS           ; output ; TTL          ;         ; N               ;
; 21       ; 20         ; --       ; DRW            ; output ; TTL          ;         ; N               ;
; 22       ; 21         ; --       ; CIN            ; output ; TTL          ;         ; N               ;
; 23       ; 22         ; --       ; TMS            ; input  ; TTL          ;         ; N               ;
; 24       ; 23         ; --       ; SBUS           ; output ; TTL          ;         ; N               ;
; 25       ; 24         ; --       ; SEL1           ; output ; TTL          ;         ; N               ;
; 26       ; 25         ; --       ; VCCIO          ; power  ;              ; 5.0V    ;                 ;
; 27       ; 26         ; --       ; LDZ            ; output ; TTL          ;         ; N               ;
; 28       ; 27         ; --       ; LDC            ; output ; TTL          ;         ; N               ;
; 29       ; 28         ; --       ; S[3]           ; output ; TTL          ;         ; N               ;
; 30       ; 29         ; --       ; S[1]           ; output ; TTL          ;         ; N               ;
; 31       ; 30         ; --       ; ARINC          ; output ; TTL          ;         ; N               ;
; 32       ; 31         ; --       ; GND            ; gnd    ;              ;         ;                 ;
; 33       ; 32         ; --       ; CP2            ; output ; TTL          ;         ; N               ;
; 34       ; 33         ; --       ; CP1            ; output ; TTL          ;         ; N               ;
; 35       ; 34         ; --       ; LONG           ; output ; TTL          ;         ; N               ;
; 36       ; 35         ; --       ; CP3            ; output ; TTL          ;         ; N               ;
; 37       ; 36         ; --       ; SELCTL         ; output ; TTL          ;         ; N               ;
; 38       ; 37         ; --       ; VCCIO          ; power  ;              ; 5.0V    ;                 ;
; 39       ; 38         ; --       ; SEL0           ; output ; TTL          ;         ; N               ;
; 40       ; 39         ; --       ; SEL2           ; output ; TTL          ;         ; N               ;
; 41       ; 40         ; --       ; STOP           ; output ; TTL          ;         ; N               ;
; 42       ; 41         ; --       ; GND            ; gnd    ;              ;         ;                 ;
; 43       ; 42         ; --       ; VCCINT         ; power  ;              ; 5.0V    ;                 ;
; 44       ; 43         ; --       ; RESERVED       ;        ;              ;         ;                 ;
; 45       ; 44         ; --       ; RESERVED       ;        ;              ;         ;                 ;
; 46       ; 45         ; --       ; RESERVED       ;        ;              ;         ;                 ;
; 47       ; 46         ; --       ; GND            ; gnd    ;              ;         ;                 ;
; 48       ; 47         ; --       ; RESERVED       ;        ;              ;         ;                 ;
; 49       ; 48         ; --       ; Z              ; input  ; TTL          ;         ; N               ;
; 50       ; 49         ; --       ; QD             ; input  ; TTL          ;         ; N               ;
; 51       ; 50         ; --       ; IRH[3]         ; input  ; TTL          ;         ; N               ;
; 52       ; 51         ; --       ; W2             ; input  ; TTL          ;         ; N               ;
; 53       ; 52         ; --       ; VCCIO          ; power  ;              ; 5.0V    ;                 ;
; 54       ; 53         ; --       ; RESERVED       ;        ;              ;         ;                 ;
; 55       ; 54         ; --       ; RESERVED       ;        ;              ;         ;                 ;
; 56       ; 55         ; --       ; RESERVED       ;        ;              ;         ;                 ;
; 57       ; 56         ; --       ; RESERVED       ;        ;              ;         ;                 ;
; 58       ; 57         ; --       ; RESERVED       ;        ;              ;         ;                 ;
; 59       ; 58         ; --       ; GND            ; gnd    ;              ;         ;                 ;
; 60       ; 59         ; --       ; IRH[1]         ; input  ; TTL          ;         ; N               ;
; 61       ; 60         ; --       ; SWCBA[1]       ; input  ; TTL          ;         ; N               ;
; 62       ; 61         ; --       ; TCK            ; input  ; TTL          ;         ; N               ;
; 63       ; 62         ; --       ; RESERVED       ;        ;              ;         ;                 ;
; 64       ; 63         ; --       ; RESERVED       ;        ;              ;         ;                 ;
; 65       ; 64         ; --       ; RESERVED       ;        ;              ;         ;                 ;
; 66       ; 65         ; --       ; VCCIO          ; power  ;              ; 5.0V    ;                 ;
; 67       ; 66         ; --       ; RESERVED       ;        ;              ;         ;                 ;
; 68       ; 67         ; --       ; C              ; input  ; TTL          ;         ; N               ;
; 69       ; 68         ; --       ; IRH[0]         ; input  ; TTL          ;         ; N               ;
; 70       ; 69         ; --       ; IRH[2]         ; input  ; TTL          ;         ; N               ;
; 71       ; 70         ; --       ; TDO            ; output ; TTL          ;         ; N               ;
; 72       ; 71         ; --       ; GND            ; gnd    ;              ;         ;                 ;
; 73       ; 72         ; --       ; RESERVED       ;        ;              ;         ;                 ;
; 74       ; 73         ; --       ; RESERVED       ;        ;              ;         ;                 ;
; 75       ; 74         ; --       ; RESERVED       ;        ;              ;         ;                 ;
; 76       ; 75         ; --       ; RESERVED       ;        ;              ;         ;                 ;
; 77       ; 76         ; --       ; W3             ; input  ; TTL          ;         ; N               ;
; 78       ; 77         ; --       ; VCCIO          ; power  ;              ; 5.0V    ;                 ;
; 79       ; 78         ; --       ; W1             ; input  ; TTL          ;         ; N               ;
; 80       ; 79         ; --       ; SWCBA[2]       ; input  ; TTL          ;         ; N               ;
; 81       ; 80         ; --       ; SWCBA[0]       ; input  ; TTL          ;         ; N               ;
; 82       ; 81         ; --       ; GND            ; gnd    ;              ;         ;                 ;
; 83       ; 82         ; --       ; T3             ; input  ; TTL          ;         ; N               ;
; 84       ; 83         ; --       ; GND+           ;        ;              ;         ;                 ;
+----------+------------+----------+----------------+--------+--------------+---------+-----------------+
Note: Pin directions (input, output or bidir) are based on device operating in user mode.


+--------------------------------------------------------------------------------------------------+
; I/O Standard                                                                                     ;
+--------------+------------+----------------------+-------------------+-------------------+-------+
; I/O Standard ; Input Vref ; Dedicated Input Pins ; Pins in I/O Bank1 ; Pins in I/O Bank2 ; Total ;
+--------------+------------+----------------------+-------------------+-------------------+-------+
; TTL          ; -          ; 2                    ; 0                 ; 0                 ; 2     ;
+--------------+------------+----------------------+-------------------+-------------------+-------+


+--------------------------------------------------------------------+
; Dedicated Inputs I/O                                               ;
+------+-------+-------+-------+--------------+------------+---------+
; Name ; Pin # ; Type  ; VCCIO ; I/O Standard ; Input Vref ; Current ;
+------+-------+-------+-------+--------------+------------+---------+
; CLR  ; 1     ; Input ; --    ; TTL          ; -          ; 0 mA    ;
; T3   ; 83    ; Input ; --    ; TTL          ; -          ; 0 mA    ;
+------+-------+-------+-------+--------------+------------+---------+


+-----------------------------------------------+
; Output Pin Default Load For Reported TCO      ;
+--------------+-------+------------------------+
; I/O Standard ; Load  ; Termination Resistance ;
+--------------+-------+------------------------+
; 3.3-V LVTTL  ; 10 pF ; Not Available          ;
; 3.3-V LVCMOS ; 10 pF ; Not Available          ;
; TTL          ; 10 pF ; Not Available          ;
+--------------+-------+------------------------+
Note: User assignments will override these defaults. The user specified values are listed in the Output Pins and Bidir Pins tables.


+-------------------------------------------------------------------------------------+
; Fitter Resource Utilization by Entity                                               ;
+----------------------------+------------+------+---------------------+--------------+
; Compilation Hierarchy Node ; Macrocells ; Pins ; Full Hierarchy Name ; Library Name ;
+----------------------------+------------+------+---------------------+--------------+
; |CPU                       ; 37         ; 49   ; |CPU                ; work         ;
+----------------------------+------------+------+---------------------+--------------+


+---------------------------------------------------------------------------------------------+
; Control Signals                                                                             ;
+------+----------+---------+--------------+--------+----------------------+------------------+
; Name ; Location ; Fan-Out ; Usage        ; Global ; Global Resource Used ; Global Line Name ;
+------+----------+---------+--------------+--------+----------------------+------------------+
; CLR  ; PIN_1    ; 1       ; Async. clear ; yes    ; On                   ; --               ;
; T3   ; PIN_83   ; 1       ; Clock        ; yes    ; On                   ; --               ;
+------+----------+---------+--------------+--------+----------------------+------------------+


+---------------------------------------------------------------------+
; Global & Other Fast Signals                                         ;
+------+----------+---------+----------------------+------------------+
; Name ; Location ; Fan-Out ; Global Resource Used ; Global Line Name ;
+------+----------+---------+----------------------+------------------+
; CLR  ; PIN_1    ; 1       ; On                   ; --               ;
; T3   ; PIN_83   ; 1       ; On                   ; --               ;
+------+----------+---------+----------------------+------------------+


+---------------------------------+
; Non-Global High Fan-Out Signals ;
+----------+----------------------+
; Name     ; Fan-Out              ;
+----------+----------------------+
; SWCBA[2] ; 33                   ;
; SWCBA[1] ; 33                   ;
; SWCBA[0] ; 32                   ;
; W1       ; 27                   ;
; ST0_REG  ; 27                   ;
; IRH[3]   ; 22                   ;
; IRH[1]   ; 22                   ;
; IRH[0]   ; 22                   ;
; IRH[2]   ; 21                   ;
; W2       ; 13                   ;
; Z        ; 4                    ;
; C        ; 4                    ;
; QD       ; 1                    ;
; ~VCC~1   ; 1                    ;
; ~VCC~0   ; 1                    ;
; ~GND~0   ; 1                    ;
; Mux31~12 ; 1                    ;
; Mux22~15 ; 1                    ;
; Mux23~36 ; 1                    ;
; Mux25~23 ; 1                    ;
; Mux23~30 ; 1                    ;
; Mux34~16 ; 1                    ;
; Mux31~11 ; 1                    ;
; Mux33~8  ; 1                    ;
; Mux22~14 ; 1                    ;
; Mux43~11 ; 1                    ;
; Mux32~6  ; 1                    ;
; Mux26~3  ; 1                    ;
; Mux23~29 ; 1                    ;
; Mux38~9  ; 1                    ;
; Mux35~8  ; 1                    ;
; Mux44~7  ; 1                    ;
; Mux20~8  ; 1                    ;
; Mux28~7  ; 1                    ;
; Mux25~22 ; 1                    ;
; Mux30~8  ; 1                    ;
; Mux19~6  ; 1                    ;
; Mux37~6  ; 1                    ;
; Mux36~9  ; 1                    ;
; Mux23~23 ; 1                    ;
; Mux34~15 ; 1                    ;
; Mux27~6  ; 1                    ;
; Mux29~6  ; 1                    ;
; Mux41~4  ; 1                    ;
; Mux40~10 ; 1                    ;
; Mux42~6  ; 1                    ;
; Mux45~4  ; 1                    ;
; Mux25~15 ; 1                    ;
; QD~1     ; 1                    ;
+----------+----------------------+


+------------------------------------------------+
; Interconnect Usage Summary                     ;
+----------------------------+-------------------+
; Interconnect Resource Type ; Usage             ;
+----------------------------+-------------------+
; Output enables             ; 0 / 6 ( 0 % )     ;
; PIA buffers                ; 38 / 288 ( 13 % ) ;
; PIAs                       ; 38 / 288 ( 13 % ) ;
+----------------------------+-------------------+


+----------------------------------------------------------------------------+
; LAB External Interconnect                                                  ;
+----------------------------------------------+-----------------------------+
; LAB External Interconnects  (Average = 4.75) ; Number of LABs  (Total = 4) ;
+----------------------------------------------+-----------------------------+
; 0                                            ; 4                           ;
; 1                                            ; 0                           ;
; 2                                            ; 0                           ;
; 3                                            ; 0                           ;
; 4                                            ; 0                           ;
; 5                                            ; 0                           ;
; 6                                            ; 1                           ;
; 7                                            ; 0                           ;
; 8                                            ; 0                           ;
; 9                                            ; 0                           ;
; 10                                           ; 2                           ;
; 11                                           ; 0                           ;
; 12                                           ; 1                           ;
+----------------------------------------------+-----------------------------+


+----------------------------------------------------------------------+
; LAB Macrocells                                                       ;
+----------------------------------------+-----------------------------+
; Number of Macrocells  (Average = 4.63) ; Number of LABs  (Total = 4) ;
+----------------------------------------+-----------------------------+
; 0                                      ; 4                           ;
; 1                                      ; 0                           ;
; 2                                      ; 0                           ;
; 3                                      ; 0                           ;
; 4                                      ; 0                           ;
; 5                                      ; 0                           ;
; 6                                      ; 0                           ;
; 7                                      ; 1                           ;
; 8                                      ; 1                           ;
; 9                                      ; 0                           ;
; 10                                     ; 1                           ;
; 11                                     ; 0                           ;
; 12                                     ; 1                           ;
+----------------------------------------+-----------------------------+


+---------------------------------------------------------+
; Parallel Expander                                       ;
+--------------------------+------------------------------+
; Parallel Expander Length ; Number of Parallel Expanders ;
+--------------------------+------------------------------+
; 0                        ; 0                            ;
; 1                        ; 6                            ;
+--------------------------+------------------------------+


+-----------------------------------------------------------------------------------------------------------------------------------------------------------------------------------------------------------------------------------------------------------------------------------------------------------------------------------------------------------------------------+
; Logic Cell Interconnection                                                                                                                                                                                                                                                                                                                                                  ;
+-----+------------+-------------------------------------------------------------------------------------------+--------------------------------------------------------------------------------------------------------------------------------------------------------------------------------------------------------------------------------------------------------------+
; LAB ; Logic Cell ; Input                                                                                     ; Output                                                                                                                                                                                                                                                       ;
+-----+------------+-------------------------------------------------------------------------------------------+--------------------------------------------------------------------------------------------------------------------------------------------------------------------------------------------------------------------------------------------------------------+
;  A  ; LC16       ; W1, IRH[3], ST0_REG, SWCBA[2], SWCBA[1], SWCBA[0], IRH[2], IRH[1], IRH[0]                 ; S[0]                                                                                                                                                                                                                                                         ;
;  A  ; LC1        ; T3, CLR, W2, SWCBA[0], SWCBA[2], SWCBA[1], ST0_REG, W1                                    ; ST0_REG, Mux41~4, Mux29~6, Mux27~6, Mux34~15, Mux23~23, Mux36~9, Mux37~6, Mux19~6, Mux30~8, Mux25~22, Mux28~7, Mux20~8, Mux44~7, Mux35~8, Mux38~9, Mux23~29, Mux26~3, Mux32~6, Mux43~11, Mux33~8, Mux31~11, Mux34~16, Mux23~30, Mux25~23, Mux23~36, Mux22~15 ;
;  A  ; LC5        ; Mux23~30, W2, ST0_REG, SWCBA[2], SWCBA[1], SWCBA[0], IRH[1], IRH[3], IRH[2], IRH[0], C, Z ; LIR                                                                                                                                                                                                                                                          ;
;  A  ; LC6        ; SWCBA[0], SWCBA[2], ST0_REG, SWCBA[1], IRH[0], IRH[1], W2, IRH[3], IRH[2], W1             ; MBUS                                                                                                                                                                                                                                                         ;
;  A  ; LC11       ; SWCBA[1], SWCBA[2], ST0_REG, SWCBA[0], IRH[0], IRH[1], W2, IRH[3], IRH[2], W1             ; MEMW                                                                                                                                                                                                                                                         ;
;  A  ; LC13       ; W1, SWCBA[2], SWCBA[1], SWCBA[0], ST0_REG, IRH[0], IRH[1], IRH[3], IRH[2]                 ; LPC                                                                                                                                                                                                                                                          ;
;  A  ; LC14       ; IRH[0], IRH[3], IRH[2], IRH[1], C, W1, ST0_REG, SWCBA[2], SWCBA[1], SWCBA[0], Z           ; PCADD                                                                                                                                                                                                                                                        ;
;  A  ; LC3        ; Mux23~36, W2, ST0_REG, SWCBA[2], SWCBA[1], SWCBA[0], IRH[1], IRH[3], IRH[2], IRH[0], C, Z ; PCINC                                                                                                                                                                                                                                                        ;
;  A  ; LC8        ; Mux22~15, IRH[2], SWCBA[2], W1, SWCBA[1], IRH[3], IRH[0], IRH[1], Z, C                    ; SHORT                                                                                                                                                                                                                                                        ;
;  A  ; LC4        ; W1, ST0_REG, SWCBA[2], SWCBA[1], SWCBA[0], IRH[3], IRH[2], IRH[0], IRH[1]                 ; Mux23~23                                                                                                                                                                                                                                                     ;
;  A  ; LC2        ; W1, ST0_REG, SWCBA[2], SWCBA[1], SWCBA[0], IRH[3], IRH[2], IRH[0], IRH[1]                 ; Mux23~29                                                                                                                                                                                                                                                     ;
;  A  ; LC7        ; SWCBA[0], SWCBA[2], W1, SWCBA[1], ST0_REG                                                 ; Mux22~14                                                                                                                                                                                                                                                     ;
;  B  ; LC29       ; W1, SWCBA[2], SWCBA[1], SWCBA[0], ST0_REG, W2                                             ; SEL3                                                                                                                                                                                                                                                         ;
;  B  ; LC21       ; Mux25~23, IRH[0], W1, IRH[1], IRH[2], ST0_REG, SWCBA[2], SWCBA[1], SWCBA[0], IRH[3], W2   ; ABUS                                                                                                                                                                                                                                                         ;
;  B  ; LC25       ; ST0_REG, SWCBA[2], SWCBA[1], SWCBA[0], IRH[3], IRH[0], IRH[1], IRH[2], W1                 ; S[2]                                                                                                                                                                                                                                                         ;
;  B  ; LC24       ; Mux34~16, ST0_REG, SWCBA[2], SWCBA[1], SWCBA[0], IRH[0], W1, IRH[2], IRH[3], IRH[1], W2   ; M                                                                                                                                                                                                                                                            ;
;  B  ; LC27       ; SWCBA[2], W1, SWCBA[1], SWCBA[0], ST0_REG, IRH[3], IRH[2], IRH[0], IRH[1]                 ; LAR                                                                                                                                                                                                                                                          ;
;  B  ; LC17       ; IRH[2], IRH[0], IRH[1], IRH[3], W1, ST0_REG, SWCBA[2], SWCBA[1], SWCBA[0]                 ; CIN                                                                                                                                                                                                                                                          ;
;  B  ; LC19       ; Mux31~12, SWCBA[2], W2, SWCBA[1], SWCBA[0], IRH[0], IRH[3], IRH[2], IRH[1], ST0_REG, W1   ; DRW                                                                                                                                                                                                                                                          ;
;  B  ; LC23       ; ST0_REG, SWCBA[2], SWCBA[1], SWCBA[0], IRH[0], W1, IRH[2], IRH[3], IRH[1]                 ; Mux34~15                                                                                                                                                                                                                                                     ;
;  B  ; LC20       ; IRH[0], W1, IRH[1], ST0_REG, SWCBA[2], SWCBA[1], SWCBA[0], IRH[3]                         ; Mux25~22                                                                                                                                                                                                                                                     ;
;  B  ; LC18       ; SWCBA[2], SWCBA[1], SWCBA[0], W1                                                          ; Mux31~11                                                                                                                                                                                                                                                     ;
;  C  ; LC46       ; SWCBA[1], SWCBA[0], SWCBA[2], W1, W2, ST0_REG                                             ; SBUS                                                                                                                                                                                                                                                         ;
;  C  ; LC35       ; SWCBA[1], SWCBA[0], ST0_REG, SWCBA[2], W1                                                 ; ARINC                                                                                                                                                                                                                                                        ;
;  C  ; LC37       ; ST0_REG, SWCBA[2], SWCBA[1], SWCBA[0], IRH[3], IRH[2], IRH[0], IRH[1]                     ; S[1]                                                                                                                                                                                                                                                         ;
;  C  ; LC38       ; ST0_REG, SWCBA[2], SWCBA[1], SWCBA[0], IRH[3], IRH[2], IRH[0], IRH[1]                     ; S[3]                                                                                                                                                                                                                                                         ;
;  C  ; LC43       ; IRH[0], IRH[3], W1, ST0_REG, SWCBA[2], SWCBA[1], SWCBA[0], IRH[1], IRH[2]                 ; LDZ                                                                                                                                                                                                                                                          ;
;  C  ; LC45       ; W1, ST0_REG, SWCBA[2], SWCBA[1], SWCBA[0], W2                                             ; SEL1                                                                                                                                                                                                                                                         ;
;  C  ; LC40       ; IRH[3], W1, ST0_REG, SWCBA[2], SWCBA[1], SWCBA[0], IRH[2], IRH[0], IRH[1]                 ; LDC                                                                                                                                                                                                                                                          ;
;  D  ; LC49       ; SWCBA[2], SWCBA[1], SWCBA[0]                                                              ; STOP                                                                                                                                                                                                                                                         ;
;  D  ; LC51       ; SWCBA[2], SWCBA[1], SWCBA[0], W2                                                          ; SEL2                                                                                                                                                                                                                                                         ;
;  D  ; LC53       ; W1, SWCBA[2], SWCBA[1], SWCBA[0], W2                                                      ; SEL0                                                                                                                                                                                                                                                         ;
;  D  ; LC56       ; SWCBA[1], SWCBA[2], SWCBA[0], W1                                                          ; SELCTL                                                                                                                                                                                                                                                       ;
;  D  ; LC57       ; QD                                                                                        ; CP3                                                                                                                                                                                                                                                          ;
;  D  ; LC59       ;                                                                                           ; LONG                                                                                                                                                                                                                                                         ;
;  D  ; LC61       ;                                                                                           ; CP1                                                                                                                                                                                                                                                          ;
;  D  ; LC64       ;                                                                                           ; CP2                                                                                                                                                                                                                                                          ;
+-----+------------+-------------------------------------------------------------------------------------------+--------------------------------------------------------------------------------------------------------------------------------------------------------------------------------------------------------------------------------------------------------------+


+---------------------------------------------------------------+
; Fitter Device Options                                         ;
+----------------------------------------------+----------------+
; Option                                       ; Setting        ;
+----------------------------------------------+----------------+
; Enable user-supplied start-up clock (CLKUSR) ; Off            ;
; Enable device-wide reset (DEV_CLRn)          ; Off            ;
; Enable device-wide output enable (DEV_OE)    ; Off            ;
; Enable INIT_DONE output                      ; Off            ;
; Configuration scheme                         ; Passive Serial ;
; Security bit                                 ; Off            ;
; Base pin-out file on sameframe device        ; Off            ;
+----------------------------------------------+----------------+


+-----------------+
; Fitter Messages ;
+-----------------+
Info: *******************************************************************
Info: Running Quartus II Fitter
    Info: Version 9.0 Build 235 06/17/2009 Service Pack 2 SJ Web Edition
    Info: Processing started: Thu Mar 28 22:00:17 2019
Info: Command: quartus_fit --read_settings_files=off --write_settings_files=off CPU -c CPU
Info: Selected device EPM7128SLC84-6 for design "CPU"
Info: Quartus II Fitter was successful. 0 errors, 0 warnings
    Info: Peak virtual memory: 234 megabytes
    Info: Processing ended: Thu Mar 28 22:00:18 2019
    Info: Elapsed time: 00:00:01
    Info: Total CPU time (on all processors): 00:00:00


